<?xml version="1.0" encoding="UTF-8"?>
<!-- Generated by org.testng.reporters.JUnitReportReporter -->
<testsuite hostname="DESKTOP-V66HCCD" failures="0" tests="2" name="script.Demo3" time="9.001" errors="0" timestamp="2024-10-21T11:32:43 IST" skipped="0">
  <testcase classname="script.Demo3" name="testC" time="2.459"/>
  <testcase classname="script.Demo3" name="testC" time="6.542"/>
</testsuite> <!-- script.Demo3 -->
