<?xml version="1.0" encoding="UTF-8"?>
<!-- Generated by org.testng.reporters.JUnitReportReporter -->
<testsuite hostname="DESKTOP-V66HCCD" failures="0" tests="2" name="script.Demo1" time="18.661" errors="0" timestamp="2024-10-21T11:32:43 IST" skipped="0">
  <testcase classname="script.Demo1" name="testA" time="4.127"/>
  <testcase classname="script.Demo1" name="testA" time="14.534"/>
</testsuite> <!-- script.Demo1 -->
