<?xml version="1.0" encoding="UTF-8"?>
<!-- Generated by org.testng.reporters.JUnitReportReporter -->
<testsuite hostname="DESKTOP-V66HCCD" failures="0" tests="2" name="script.Demo2" time="9.188" errors="0" timestamp="2024-10-21T11:32:43 IST" skipped="0">
  <testcase classname="script.Demo2" name="testB" time="2.585"/>
  <testcase classname="script.Demo2" name="testB" time="6.603"/>
</testsuite> <!-- script.Demo2 -->
