<?xml version="1.0" encoding="UTF-8"?>
<!-- Generated by org.testng.reporters.JUnitReportReporter -->
<testsuite hostname="DESKTOP-V66HCCD" failures="0" tests="2" name="script.Demo4" time="0.024" errors="0" timestamp="2024-10-17T11:42:19 IST" skipped="0">
  <testcase classname="script.Demo4" name="deleteUser" time="0.001"/>
  <testcase classname="script.Demo4" name="createUser" time="0.023"/>
</testsuite> <!-- script.Demo4 -->
