<?xml version="1.0" encoding="UTF-8"?>
<!-- Generated by org.testng.reporters.JUnitReportReporter -->
<testsuite hostname="DESKTOP-V66HCCD" failures="0" tests="1" name="script.InvalidLogin" time="3.505" errors="0" timestamp="2024-10-23T11:36:58 IST" skipped="0">
  <testcase classname="script.InvalidLogin" name="testInvalidLogin" time="3.505">
    <system-out>
      <![CDATA[Err Msg is Displayed]]>
    </system-out>
  </testcase> <!-- testInvalidLogin -->
  <system-out>
    <![CDATA[Err Msg is Displayed]]>
  </system-out>
</testsuite> <!-- script.InvalidLogin -->
