<?xml version="1.0" encoding="UTF-8"?>
<!-- Generated by org.testng.reporters.JUnitReportReporter -->
<testsuite hostname="DESKTOP-V66HCCD" failures="0" tests="2" name="script.Demo1" time="13.696" errors="0" timestamp="2024-10-22T12:35:18 IST" skipped="0">
  <testcase classname="script.Demo1" name="testA" time="9.940"/>
  <testcase classname="script.Demo1" name="testA" time="3.756"/>
  <system-out>
    <![CDATA[Home Page is Displayed
Home Page is Displayed]]>
  </system-out>
</testsuite> <!-- script.Demo1 -->
