<?xml version="1.0" encoding="UTF-8"?>
<!-- Generated by org.testng.reporters.JUnitReportReporter -->
<testsuite hostname="DESKTOP-V66HCCD" failures="0" tests="2" name="script.Demo2" time="10.051" errors="0" timestamp="2024-10-21T11:34:12 IST" skipped="0">
  <testcase classname="script.Demo2" name="testB" time="7.409"/>
  <testcase classname="script.Demo2" name="testB" time="2.642"/>
</testsuite> <!-- script.Demo2 -->
