<?xml version="1.0" encoding="UTF-8"?>
<!-- Generated by org.testng.reporters.JUnitReportReporter -->
<testsuite hostname="DESKTOP-V66HCCD" failures="0" tests="2" name="script.Demo2" time="7.719" errors="0" timestamp="2024-10-22T12:35:18 IST" skipped="0">
  <testcase classname="script.Demo2" name="testB" time="5.911"/>
  <testcase classname="script.Demo2" name="testB" time="1.808"/>
  <system-out>
    <![CDATA[Home Page is Displayed
Home Page is Displayed]]>
  </system-out>
</testsuite> <!-- script.Demo2 -->
