<?xml version="1.0" encoding="UTF-8"?>
<!-- Generated by org.testng.reporters.JUnitReportReporter -->
<testsuite hostname="DESKTOP-V66HCCD" failures="0" tests="2" name="script.Demo2" time="9.894" errors="0" timestamp="2024-10-22T11:25:39 IST" skipped="0">
  <testcase classname="script.Demo2" name="testB" time="3.653"/>
  <testcase classname="script.Demo2" name="testB" time="6.241"/>
</testsuite> <!-- script.Demo2 -->
