<?xml version="1.0" encoding="UTF-8"?>
<!-- Generated by org.testng.reporters.JUnitReportReporter -->
<testsuite hostname="DESKTOP-V66HCCD" failures="0" tests="2" name="script.Demo3" time="9.553" errors="0" timestamp="2024-10-22T11:25:39 IST" skipped="0">
  <testcase classname="script.Demo3" name="testC" time="3.830"/>
  <testcase classname="script.Demo3" name="testC" time="5.723"/>
</testsuite> <!-- script.Demo3 -->
