<?xml version="1.0" encoding="UTF-8"?>
<!-- Generated by org.testng.reporters.JUnitReportReporter -->
<testsuite hostname="DESKTOP-V66HCCD" failures="0" tests="2" name="script.Demo3" time="9.565" errors="0" timestamp="2024-10-21T11:34:12 IST" skipped="0">
  <testcase classname="script.Demo3" name="testC" time="6.746"/>
  <testcase classname="script.Demo3" name="testC" time="2.819"/>
</testsuite> <!-- script.Demo3 -->
