<?xml version="1.0" encoding="UTF-8"?>
<!-- Generated by org.testng.reporters.JUnitReportReporter -->
<testsuite hostname="DESKTOP-V66HCCD" failures="0" tests="2" name="script.Demo1" time="23.955" errors="0" timestamp="2024-10-22T11:25:39 IST" skipped="0">
  <testcase classname="script.Demo1" name="testA" time="7.150"/>
  <testcase classname="script.Demo1" name="testA" time="16.805"/>
</testsuite> <!-- script.Demo1 -->
